C51 COMPILER V9.00   MAIN                                                                  11/08/2020 18:05:12 PAGE 1   


C51 COMPILER V9.00, COMPILATION OF MODULE MAIN
OBJECT MODULE PLACED IN .\Objects\main.obj
COMPILER INVOKED BY: C:\Keil_v5\C51\BIN\C51.EXE main.c OPTIMIZE(8,SPEED) BROWSE DEBUG OBJECTEXTEND PRINT(.\Listings\main
                    -.lst) TABS(2) OBJECT(.\Objects\main.obj)

line level    source

   1          #include <reg52.h>
   2          #include <intrins.h>
   3          
   4          typedef unsigned char u8;
   5          typedef unsigned int u16;
   6          
   7          sbit LED=P2^0;
   8          
   9          void delay(u16 i){
  10   1        while(i--);
  11   1      }
  12          
  13          void UsartInit(){
  14   1        
  15   1        //T1作为波特率发生器
  16   1        TMOD=0x20;//定时器工作在方式2 TH1和TL1相等 用8为计数
  17   1        TH1=0xF3;//初始值根据软件来计算
  18   1        TL1=0xF3;//
  19   1        
  20   1        PCON=0x80;//波特率加倍
  21   1        TR1=1;//打开定时器
  22   1        
  23   1        SCON=0x50;
  24   1        ES=1;//开中断
  25   1        EA=1;//
  26   1        
  27   1      }
  28          
  29          void main(){
  30   1        UsartInit();
  31   1        while(1);
  32   1      }
  33          
  34          void Usart() interrupt 4
  35          {
  36   1        u8 receiveData;
  37   1        receiveData = SBUF;
  38   1        RI=0;
  39   1        SBUF=receiveData;
  40   1        while(!TI);
  41   1        TI=0;
  42   1        
  43   1      }


MODULE INFORMATION:   STATIC OVERLAYABLE
   CODE SIZE        =     61    ----
   CONSTANT SIZE    =   ----    ----
   XDATA SIZE       =   ----    ----
   PDATA SIZE       =   ----    ----
   DATA SIZE        =   ----    ----
   IDATA SIZE       =   ----    ----
   BIT SIZE         =   ----    ----
END OF MODULE INFORMATION.

C51 COMPILER V9.00   MAIN                                                                  11/08/2020 18:05:12 PAGE 2   


C51 COMPILATION COMPLETE.  0 WARNING(S),  0 ERROR(S)
