C51 COMPILER V9.00   MAIN                                                                  11/07/2020 18:00:51 PAGE 1   


C51 COMPILER V9.00, COMPILATION OF MODULE MAIN
OBJECT MODULE PLACED IN .\Objects\main.obj
COMPILER INVOKED BY: C:\Keil_v5\C51\BIN\C51.EXE main.c OPTIMIZE(8,SPEED) BROWSE DEBUG OBJECTEXTEND PRINT(.\Listings\main
                    -.lst) TABS(2) OBJECT(.\Objects\main.obj)

line level    source

   1          #include <reg52.h>
   2          #include <intrins.h>
   3          
   4          typedef unsigned char u8;
   5          typedef unsigned int u16;
   6          
   7          //38译码器的输入 控制显示在第一个数码管，相当于使用一个数码管
   8          sbit LSA=P2^2;
   9          sbit LSB=P2^3;
  10          sbit LSC=P2^4;
  11          sbit LSD=P3^5;
  12          
  13          #define GPIO_KEY P1 // 矩阵按键控制
  14          #define GPIO_DIG P0 //按下第几个键显示按下的数字
  15          
  16          u8 KeyValue;//存放读取的键值
  17          
  18          u8 code smgduan[]={0x3F,0x06,0x5B,0x4F,0x66,0x6D,0x7D,0x07,0x7F,0x6F,0x77,0x7C,0x39,0x5E,0x79,0x71};
  19          
  20          void delay(u16 i){
  21   1        while(i--);
  22   1      }
  23          
  24          void KeyDown(){
  25   1        
  26   1        u8 a=0;
  27   1        GPIO_KEY=0x0f;
  28   1        if(GPIO_KEY!=0x0f){//说明有按键按下
  29   2        
  30   2          delay(1000);//消抖
  31   2          if(GPIO_KEY!=0x0f){
  32   3              GPIO_KEY=0x0f;
  33   3              
  34   3              switch(GPIO_KEY){
  35   4                case 0x07:KeyValue=0;break;//说明第一列有按键按下 
  36   4                case 0x0b:KeyValue=1;break;//说明第二列有按键按下 
  37   4                case 0x0d:KeyValue=2;break;//说明第三列有按键按下 
  38   4                case 0x0e:KeyValue=3;break;//说明第四列有按键按下 
  39   4              }
  40   3              GPIO_KEY=0xf0;
  41   3            
  42   3              switch(GPIO_KEY){
  43   4                case 0x70:KeyValue=KeyValue;break;//说明第一行有按键按下  
  44   4                case 0xb0:KeyValue=KeyValue+4;break;//说明第二行有按键按下  
  45   4                case 0xd0:KeyValue=KeyValue+8;break;//说明第三行有按键按下  
  46   4                case 0xe0:KeyValue=KeyValue+12;break;//说明第四行有按键按下 
  47   4              }
  48   3              while((a<50)&&(GPIO_KEY!=0xf0)){//避免按键一直按
  49   4                delay(1000);
  50   4                a++;
  51   4              }
  52   3              
  53   3              
  54   3          }
C51 COMPILER V9.00   MAIN                                                                  11/07/2020 18:00:51 PAGE 2   

  55   2        }
  56   1      }
  57          
  58          void main()
  59          {
  60   1      
  61   1        //点亮最后一个数码管即第0个数码管
  62   1        LSA=0;
  63   1        LSB=0;
  64   1        LSC=1;
  65   1        
  66   1        //GPIO_DIG=smgduan[0];
  67   1        while(1){
  68   2          KeyDown();
  69   2          GPIO_DIG=smgduan[KeyValue];
  70   2          if(KeyValue>10){
  71   3            if(KeyValue>15){
  72   4              KeyValue=0;
  73   4            }
  74   3            LSD=0;
  75   3          }else{
  76   3            LSD=1;
  77   3          }
  78   2            
  79   2        }
  80   1        
  81   1      }


MODULE INFORMATION:   STATIC OVERLAYABLE
   CODE SIZE        =    183    ----
   CONSTANT SIZE    =     16    ----
   XDATA SIZE       =   ----    ----
   PDATA SIZE       =   ----    ----
   DATA SIZE        =      1       1
   IDATA SIZE       =   ----    ----
   BIT SIZE         =   ----    ----
END OF MODULE INFORMATION.


C51 COMPILATION COMPLETE.  0 WARNING(S),  0 ERROR(S)
