C51 COMPILER V9.00   MAIN                                                                  11/07/2020 16:53:45 PAGE 1   


C51 COMPILER V9.00, COMPILATION OF MODULE MAIN
OBJECT MODULE PLACED IN .\Objects\main.obj
COMPILER INVOKED BY: C:\Keil_v5\C51\BIN\C51.EXE main.c OPTIMIZE(8,SPEED) BROWSE DEBUG OBJECTEXTEND PRINT(.\Listings\main
                    -.lst) TABS(2) OBJECT(.\Objects\main.obj)

line level    source

   1          #include <reg52.h>
   2          #include <intrins.h>
   3          
   4          typedef unsigned char u8;
   5          typedef unsigned int un16;
   6          
   7          //74HC573锁存器
   8          //OE=1 开始工作--1脚
   9          //vcc--20脚 
  10          //GND--10脚
  11          //LE=1 正常--11脚
  12          //LE=0 锁存--11脚
  13          
  14          #define smg P0 //使用P0口对74HC573进行控制
  15          
  16          
  17          
  18          u8 code smgduan[]={0x3F,0x06,0x5B,0x4F,0x66,0x6D,0x7D,0x07,0x7F,0x6F,0x77,0x7C,0x39,0x5E,0x79,0x71};
  19          
  20          void delay(un16 i){
  21   1        while(i--);
  22   1      }
  23          
  24          void main()
  25          {
  26   1      
  27   1        u8 i=0;
  28   1      
  29   1        while(1){
  30   2          for(i=0;i<16;i++){
  31   3            smg=smgduan[i];//显示在8各中的最后一个数码管，单独的那个要smg=~smgduan[i]
  32   3            delay(50000);
  33   3          }
  34   2        }
  35   1        
  36   1      }


MODULE INFORMATION:   STATIC OVERLAYABLE
   CODE SIZE        =     33    ----
   CONSTANT SIZE    =     16    ----
   XDATA SIZE       =   ----    ----
   PDATA SIZE       =   ----    ----
   DATA SIZE        =   ----    ----
   IDATA SIZE       =   ----    ----
   BIT SIZE         =   ----    ----
END OF MODULE INFORMATION.


C51 COMPILATION COMPLETE.  0 WARNING(S),  0 ERROR(S)
