C51 COMPILER V9.00   I2C                                                                   11/13/2020 23:33:42 PAGE 1   


C51 COMPILER V9.00, COMPILATION OF MODULE I2C
OBJECT MODULE PLACED IN .\Objects\i2c.obj
COMPILER INVOKED BY: C:\Keil_v5\C51\BIN\C51.EXE i2c.c OPTIMIZE(8,SPEED) BROWSE DEBUG OBJECTEXTEND PRINT(.\Listings\i2c.l
                    -st) TABS(2) OBJECT(.\Objects\i2c.obj)

line level    source

   1          #include "i2c.h"
   2          
   3          void Delay10us(void)   //误差 0us
   4          {
   5   1          unsigned char a,b;
   6   1          for(b=1;b>0;b--)
   7   1              for(a=2;a>0;a--);
   8   1      }
   9          
  10          //开始信号
  11          void I2cStart()
  12          {
  13   1        SDA=1;
  14   1        Delay10us();
  15   1        SCL=1;
  16   1        Delay10us();
  17   1        SDA=0;
  18   1        Delay10us();
  19   1        SCL=0;
  20   1        Delay10us();
  21   1      }
  22          
  23          //阻止信号
  24          void I2cStop()
  25          {
  26   1        SDA=0;
  27   1        Delay10us();
  28   1        SCL=1;
  29   1        Delay10us();
  30   1        SDA=1;
  31   1        Delay10us();
  32   1      
  33   1      }
  34          
  35          unsigned char I2cSendByte(unsigned char dat)
  36          {
  37   1        unsigned char a=0,b;
  38   1        
  39   1        for(a=0;a<8;a++)
  40   1        {
  41   2          SDA=dat>>7;//发送最高位
  42   2          dat=dat<<1; 
  43   2          //不断改变时钟信号，才能发送数据
  44   2          Delay10us();
  45   2          SCL=1;
  46   2          Delay10us();
  47   2          SCL=0;
  48   2          Delay10us();
  49   2        }
  50   1        
  51   1        //发送8位数据，总线空闲出来等待应答，SDA为0（会自动为0）应答成功，返回1
  52   1        SDA=1;
  53   1        Delay10us();
  54   1        SCL=1;
C51 COMPILER V9.00   I2C                                                                   11/13/2020 23:33:42 PAGE 2   

  55   1        
  56   1        while(SDA){//
  57   2          b++;
  58   2          if(b>200){
  59   3            SCL=0;
  60   3            Delay10us();
  61   3            return 0;
  62   3          }
  63   2        }
  64   1        SCL=0;
  65   1        Delay10us();
  66   1        return 1;
  67   1      }
  68          
  69          unsigned char I2cReadByte()
  70          {
  71   1          unsigned char a=0,dat=0;
  72   1        
  73   1          for(a=0;a<8;a++)
  74   1          {
  75   2            SCL=1;//数据稳定
  76   2            Delay10us();
  77   2            dat<<=1;
  78   2            dat|=SDA;//先接受最高位
  79   2            Delay10us();
  80   2            SCL=0;
  81   2            Delay10us();
  82   2          }
  83   1          return dat;
  84   1      }
  85          void At24c02Write(unsigned char addr,unsigned char dat)
  86          {
  87   1        I2cStart();//开始发送
  88   1        I2cSendByte(0xa0);//器件地址  1010 000 0发送000器件地址 0 发送
  89   1        I2cSendByte(addr);//首地址
  90   1        I2cSendByte(dat);//数据
  91   1        I2cStop();
  92   1      }
  93          unsigned char At24c02Read(unsigned char addr)
  94          {
  95   1        unsigned char num;
  96   1        I2cStart();//
  97   1        I2cSendByte(0xa0);//
  98   1        I2cSendByte(addr);
  99   1        I2cStart();//
 100   1        I2cSendByte(0xa1);//
 101   1        num = I2cReadByte();
 102   1        I2cStop();
 103   1        
 104   1        return  num;
 105   1      }
 106            
 107          
 108          


MODULE INFORMATION:   STATIC OVERLAYABLE
   CODE SIZE        =    197    ----
   CONSTANT SIZE    =   ----    ----
   XDATA SIZE       =   ----    ----
   PDATA SIZE       =   ----    ----
   DATA SIZE        =   ----       1
C51 COMPILER V9.00   I2C                                                                   11/13/2020 23:33:42 PAGE 3   

   IDATA SIZE       =   ----    ----
   BIT SIZE         =   ----    ----
END OF MODULE INFORMATION.


C51 COMPILATION COMPLETE.  0 WARNING(S),  0 ERROR(S)
