C51 COMPILER V9.00   TEMP                                                                  11/14/2020 15:40:41 PAGE 1   


C51 COMPILER V9.00, COMPILATION OF MODULE TEMP
OBJECT MODULE PLACED IN .\Objects\temp.obj
COMPILER INVOKED BY: C:\Keil_v5\C51\BIN\C51.EXE temp.c OPTIMIZE(8,SPEED) BROWSE DEBUG OBJECTEXTEND PRINT(.\Listings\temp
                    -.lst) TABS(2) OBJECT(.\Objects\temp.obj)

line level    source

   1          #include "temp.h"
   2          
   3          
   4          void Delay1ms(uint y)
   5          {
   6   1        uint x;
   7   1        for(;y>0;y--)
   8   1        {
   9   2          for(x=110;x>0;x--);
  10   2        }
  11   1      }
  12          
  13          void delay642us(void)   //误差 0us
  14          {
  15   1          unsigned char a,b;
  16   1          for(b=71;b>0;b--)
  17   1              for(a=3;a>0;a--);
  18   1      }
  19          
  20          //初始化 温度传感器 
  21          uchar Ds18b20Init(){
  22   1        uchar i=0;
  23   1        DSPORT=0;
  24   1        delay642us();
  25   1        DSPORT=1;
  26   1        while(DSPORT)
  27   1        {
  28   2          i++;
  29   2          Delay1ms(1);
  30   2          if(i>5)
  31   2          {
  32   3            return 0;
  33   3          }
  34   2        }
  35   1        return 1;
  36   1      }
  37          
  38          //发送给温度传感器
  39          void Ds18b20WriteByte(uchar dat)
  40          {
  41   1        uchar i,j;
  42   1        for(j=0;j<9;j++)
  43   1        {
  44   2          DSPORT=0;
  45   2          i++;
  46   2          DSPORT=dat&0x01;
  47   2          i=6;
  48   2          while(i--);//68us
  49   2          DSPORT=1;
  50   2          dat>>=1;
  51   2        }
  52   1      }
  53          
  54          
C51 COMPILER V9.00   TEMP                                                                  11/14/2020 15:40:41 PAGE 2   

  55          //读取数据
  56          uchar Ds18b20ReadByte()
  57          {
  58   1        uint i,j;
  59   1        uchar bi,byte;
  60   1        for(j=0;j<9;j++)
  61   1        {
  62   2          DSPORT=0;
  63   2          i++;
  64   2          DSPORT=1;
  65   2          i++;
  66   2          i++;
  67   2          bi=DSPORT;
  68   2          byte=(byte>>1)|(bi<<7);
  69   2          i=4;
  70   2          while(i--);
  71   2        }
  72   1        return byte;
  73   1      }
  74          
  75          //初始化
  76          void Ds18b20ChangeTemp()
  77          {
  78   1        Ds18b20Init();
  79   1        Delay1ms(1);
  80   1        Ds18b20WriteByte(0xcc);
  81   1        Ds18b20WriteByte(0x44);
  82   1      }
  83          
  84          //发送温度读取命令
  85          void Ds18b20ReadTempCom()
  86          {
  87   1        Ds18b20Init();
  88   1        Delay1ms(1);
  89   1        Ds18b20WriteByte(0xcc);
  90   1        Ds18b20WriteByte(0xbe);
  91   1      }
  92          //读取温度
  93          int Ds18b20ReadTemp()
  94          {
  95   1        int temp=0;
  96   1        uchar tmh,tml;
  97   1        Ds18b20ChangeTemp();
  98   1        Ds18b20ReadTempCom();
  99   1        tml=Ds18b20ReadByte();//先读高字节
 100   1        tmh=Ds18b20ReadByte();
 101   1        temp=tmh;
 102   1        temp<<=8;//变成16位的高八位
 103   1        temp|=tml;
 104   1        return temp;
 105   1      }


MODULE INFORMATION:   STATIC OVERLAYABLE
   CODE SIZE        =    212    ----
   CONSTANT SIZE    =   ----    ----
   XDATA SIZE       =   ----    ----
   PDATA SIZE       =   ----    ----
   DATA SIZE        =   ----       1
   IDATA SIZE       =   ----    ----
   BIT SIZE         =   ----    ----
END OF MODULE INFORMATION.

C51 COMPILER V9.00   TEMP                                                                  11/14/2020 15:40:41 PAGE 3   


C51 COMPILATION COMPLETE.  0 WARNING(S),  0 ERROR(S)
