C51 COMPILER V9.00   MAIN                                                                  11/08/2020 13:47:37 PAGE 1   


C51 COMPILER V9.00, COMPILATION OF MODULE MAIN
OBJECT MODULE PLACED IN .\Objects\main.obj
COMPILER INVOKED BY: C:\Keil_v5\C51\BIN\C51.EXE main.c OPTIMIZE(8,SPEED) BROWSE DEBUG OBJECTEXTEND PRINT(.\Listings\main
                    -.lst) TABS(2) OBJECT(.\Objects\main.obj)

line level    source

   1          #include <reg52.h>
   2          #include <intrins.h>
   3          
   4          typedef unsigned char u8;
   5          typedef unsigned int u16;
   6          
   7          sbit LED=P2^0;
   8          sbit k32=P3^2;
   9          sbit k33=P3^3;
  10          void delay(u16 i){
  11   1        while(i--);
  12   1      }
  13          
  14          void Init0Init(){
  15   1        IT0=1;//下降沿有效
  16   1        EX0=1;
  17   1        EA=1;
  18   1      }
  19          
  20          void Init1Init(){
  21   1        IT1=1;//下降沿有效
  22   1        EX1=1;
  23   1        EA=1;
  24   1      }
  25          
  26          void main()
  27          {
  28   1      
  29   1        Init0Init();
  30   1        Init1Init();
  31   1        while(1){
  32   2        
  33   2        }
  34   1        
  35   1      }
  36          
  37          void Int0() interrupt 0
  38          {
  39   1        delay(1000);
  40   1        
  41   1        if(k32==0){
  42   2          LED=~LED;
  43   2        }
  44   1      }
  45          void Int1() interrupt 2
  46          {
  47   1        delay(1000);
  48   1        
  49   1        if(k33==0){
  50   2          LED=~LED;
  51   2        }
  52   1      }


C51 COMPILER V9.00   MAIN                                                                  11/08/2020 13:47:37 PAGE 2   

MODULE INFORMATION:   STATIC OVERLAYABLE
   CODE SIZE        =    105    ----
   CONSTANT SIZE    =   ----    ----
   XDATA SIZE       =   ----    ----
   PDATA SIZE       =   ----    ----
   DATA SIZE        =   ----    ----
   IDATA SIZE       =   ----    ----
   BIT SIZE         =   ----    ----
END OF MODULE INFORMATION.


C51 COMPILATION COMPLETE.  0 WARNING(S),  0 ERROR(S)
