C51 COMPILER V9.00   MAIN                                                                  11/07/2020 14:08:19 PAGE 1   


C51 COMPILER V9.00, COMPILATION OF MODULE MAIN
OBJECT MODULE PLACED IN .\Objects\main.obj
COMPILER INVOKED BY: C:\Keil_v5\C51\BIN\C51.EXE main.c OPTIMIZE(8,SPEED) BROWSE DEBUG OBJECTEXTEND PRINT(.\Listings\main
                    -.lst) TABS(2) OBJECT(.\Objects\main.obj)

line level    source

   1          #include <reg52.h>
   2          #include <intrins.h>
   3          
   4          typedef unsigned char u8;
   5          typedef unsigned int un16;
   6          
   7          //74HC573锁存器
   8          //OE=1 开始工作--1脚
   9          //vcc--20脚 
  10          //GND--10脚
  11          //LE=1 正常--11脚
  12          //LE=0 锁存--11脚
  13          
  14          #define smg P0 //使用P0口对74HC573进行控制
  15          
  16          //38译码器的输入
  17          sbit LSA=P2^2;
  18          sbit LSB=P2^3;
  19          sbit LSC=P2^4;
  20          u8 code smgduan[]={0x3F,0x06,0x5B,0x4F,0x66,0x6D,0x7D,0x07,0x7F,0x6F,0x77,0x7C,0x39,0x5E,0x79,0x71};
  21          
  22          
  23          void delay(un16 i){
  24   1        while(i--);
  25   1      }
  26          void DidDispaly(){
  27   1        u8 i;
  28   1        u8 j;
  29   1        for(i=0;i<8;i++){
  30   2          switch(i){
  31   3            case 0:
  32   3              LSA=0;LSB=0;LSC=0;
  33   3              break;
  34   3            
  35   3            case 1:
  36   3              LSA=0;LSB=0;LSC=1;
  37   3              break;
  38   3            
  39   3            case 2:
  40   3              LSA=0;LSB=1;LSC=0;
  41   3              break;
  42   3            
  43   3            case 3:
  44   3              LSA=0;LSB=1;LSC=1;
  45   3              break;
  46   3            
  47   3            case 4:
  48   3              LSA=1;LSB=0;LSC=0;
  49   3              break;
  50   3            
  51   3            case 5:
  52   3              LSA=1;LSB=0;LSC=1;
  53   3              break;
  54   3            case 6:
C51 COMPILER V9.00   MAIN                                                                  11/07/2020 14:08:19 PAGE 2   

  55   3              LSA=1;LSB=1;LSC=0;
  56   3              break;
  57   3            case 7:
  58   3              LSA=1;LSB=1;LSC=1;
  59   3              break;
  60   3          }
  61   2          smg = smgduan[i];//8个数码管显示01234567
  62   2          delay(100);
  63   2          smg = 0x00;
  64   2      //    for(j=0;j<16;i++){//每个数码显示0-15
  65   2      //      smg=smgduan[i];
  66   2      //      delay(3125);
  67   2      //    }
  68   2        
  69   2        }
  70   1      }
*** WARNING C280 IN LINE 28 OF MAIN.C: 'j': unreferenced local variable
  71          
  72          void main()
  73          {
  74   1      
  75   1        
  76   1      
  77   1        while(1){
  78   2          DidDispaly();
  79   2        }
  80   1        
  81   1      }


MODULE INFORMATION:   STATIC OVERLAYABLE
   CODE SIZE        =    125    ----
   CONSTANT SIZE    =     16    ----
   XDATA SIZE       =   ----    ----
   PDATA SIZE       =   ----    ----
   DATA SIZE        =   ----       1
   IDATA SIZE       =   ----    ----
   BIT SIZE         =   ----    ----
END OF MODULE INFORMATION.


C51 COMPILATION COMPLETE.  1 WARNING(S),  0 ERROR(S)
