C51 COMPILER V9.00   MAIN                                                                  11/07/2020 12:23:34 PAGE 1   


C51 COMPILER V9.00, COMPILATION OF MODULE MAIN
OBJECT MODULE PLACED IN .\Objects\main.obj
COMPILER INVOKED BY: C:\Keil_v5\C51\BIN\C51.EXE main.c OPTIMIZE(8,SPEED) BROWSE DEBUG OBJECTEXTEND PRINT(.\Listings\main
                    -.lst) TABS(2) OBJECT(.\Objects\main.obj)

line level    source

   1           #include <reg52.h>
   2          #include <intrins.h>
   3          
   4          typedef unsigned char u8;
   5          typedef unsigned int un16;
   6          
   7          sbit beep=P1^5;
   8          
   9          void delay(un16 i){
  10   1        while(i--);
  11   1      }
  12          void main()
  13          {
  14   1        
  15   1        while(1){
  16   2            beep = ~beep;
  17   2            delay(100);
  18   2        }
  19   1      }


MODULE INFORMATION:   STATIC OVERLAYABLE
   CODE SIZE        =     22    ----
   CONSTANT SIZE    =   ----    ----
   XDATA SIZE       =   ----    ----
   PDATA SIZE       =   ----    ----
   DATA SIZE        =   ----    ----
   IDATA SIZE       =   ----    ----
   BIT SIZE         =   ----    ----
END OF MODULE INFORMATION.


C51 COMPILATION COMPLETE.  0 WARNING(S),  0 ERROR(S)
