C51 COMPILER V9.00   I2C                                                                   12/02/2020 23:21:05 PAGE 1   


C51 COMPILER V9.00, COMPILATION OF MODULE I2C
OBJECT MODULE PLACED IN .\Objects\i2c.obj
COMPILER INVOKED BY: C:\Keil_v5\C51\BIN\C51.EXE i2c.c OPTIMIZE(8,SPEED) BROWSE DEBUG OBJECTEXTEND PRINT(.\Listings\i2c.l
                    -st) TABS(2) OBJECT(.\Objects\i2c.obj)

line level    source

   1          #include "i2c.h"
   2          
   3          void Delay10us(void)   //误差 0us
   4          {
   5   1          unsigned char a,b;
   6   1          for(b=1;b>0;b--)
   7   1              for(a=2;a>0;a--);
   8   1      }
   9          
  10          //开始信号
  11          void I2cStart()
  12          {
  13   1        SDA=1;
  14   1        Delay10us();
  15   1        SCL=1;
  16   1        Delay10us();
  17   1        SDA=0;
  18   1        Delay10us();
  19   1        SCL=0;
  20   1        Delay10us();
  21   1      }
  22          
  23          //阻止信号
  24          void I2cStop()
  25          {
  26   1        SDA=0;
  27   1        Delay10us();
  28   1        SCL=1;
  29   1        Delay10us();
  30   1        SDA=1;
  31   1        Delay10us();
  32   1      
  33   1      }
  34          
  35          unsigned char I2cSendByte(unsigned char dat)
  36          {
  37   1        unsigned char a=0,b=0;
  38   1        
  39   1        for(a=0;a<8;a++)
  40   1        {
  41   2          SDA=dat>>7;//发送最高位
  42   2          dat=dat<<1; 
  43   2          //不断改变时钟信号，才能发送数据
  44   2          Delay10us();
  45   2          SCL=1;
  46   2          Delay10us();
  47   2          SCL=0;
  48   2          Delay10us();
  49   2        }
  50   1        
  51   1        //发送8位数据，总线空闲出来等待应答，SDA为0（会自动为0）应答成功，返回1
  52   1        SDA=1;
  53   1        Delay10us();
  54   1        SCL=1;
C51 COMPILER V9.00   I2C                                                                   12/02/2020 23:21:05 PAGE 2   

  55   1        Delay10us();
  56   1        
  57   1        while(SDA){//一段时间后还没应答成功，视为应答失败
  58   2          b++;
  59   2          if(b>200){
  60   3            SCL=0;
  61   3            Delay10us();
  62   3            return 0;
  63   3          }
  64   2        }
  65   1        SCL=0;
  66   1        Delay10us();
  67   1        return 1;
  68   1      }
  69          
  70          unsigned char I2cReadByte()
  71          {
  72   1          unsigned char a=0,dat=0;
  73   1        
  74   1          for(a=0;a<8;a++)
  75   1          {
  76   2            SCL=1;//数据稳定
  77   2            Delay10us();
  78   2            dat<<=1;
  79   2            dat|=SDA;//先接受最高位
  80   2            Delay10us();
  81   2            SCL=0;
  82   2            Delay10us();
  83   2          }
  84   1          return dat;
  85   1      }


MODULE INFORMATION:   STATIC OVERLAYABLE
   CODE SIZE        =    133    ----
   CONSTANT SIZE    =   ----    ----
   XDATA SIZE       =   ----    ----
   PDATA SIZE       =   ----    ----
   DATA SIZE        =   ----    ----
   IDATA SIZE       =   ----    ----
   BIT SIZE         =   ----    ----
END OF MODULE INFORMATION.


C51 COMPILATION COMPLETE.  0 WARNING(S),  0 ERROR(S)
