C51 COMPILER V9.00   MAIN                                                                  12/02/2020 23:21:05 PAGE 1   


C51 COMPILER V9.00, COMPILATION OF MODULE MAIN
OBJECT MODULE PLACED IN .\Objects\main.obj
COMPILER INVOKED BY: C:\Keil_v5\C51\BIN\C51.EXE main.c OPTIMIZE(8,SPEED) BROWSE DEBUG OBJECTEXTEND PRINT(.\Listings\main
                    -.lst) TABS(2) OBJECT(.\Objects\main.obj)

line level    source

   1          #include <reg52.h>
   2          #include "i2c.h"
   3          
   4          typedef unsigned char u8;
   5          typedef unsigned int u16;
   6          sbit k1=P3^0;
   7          sbit k2=P3^1;
   8          u8 num=0,k2Toggle=0;
   9          u8 code smgduan[]={0x3F,0x06,0x5B,0x4F,0x66,0x6D,0x7D,0x07,0x7F,0x6F,0x77,0x7C,0x39,0x5E,0x79,0x71};
  10          
  11          
  12          void At24c02Write(unsigned char addr,unsigned char dat)
  13          {
  14   1        I2cStart();//开始信号
  15   1        I2cSendByte(0xa0);//器件地址  1010 000 0发送000器件地址 0 发送
  16   1        I2cSendByte(addr);//首地址
  17   1        I2cSendByte(dat);//数据
  18   1        I2cStop();
  19   1      }
  20          
  21          //先去找要读的地址，再去读数据
  22          unsigned char At24c02Read(unsigned char addr)
  23          {
  24   1        u8 num0;
  25   1        I2cStart();//
  26   1        I2cSendByte(0xa0);//
  27   1        I2cSendByte(addr);
  28   1        I2cStart();//
  29   1        I2cSendByte(0xa1);//
  30   1        num0 = I2cReadByte();
  31   1        I2cStop();
  32   1        
  33   1        return  num0;
  34   1      }
  35          void delay(u16 i){
  36   1        while(i--);
  37   1      }
  38          
  39          
  40          
  41          void main(){
  42   1      
  43   1        while(1){
  44   2          At24c02Write(1,num);
  45   2          delay(100);
  46   2          num=At24c02Read(1);
  47   2          
  48   2          P0=smgduan[num];
  49   2          
  50   2          delay(100000);
  51   2          num++;
  52   2          if(num>=9){
  53   3            num=0;
  54   3          }
C51 COMPILER V9.00   MAIN                                                                  12/02/2020 23:21:05 PAGE 2   

  55   2        }
  56   1      }


MODULE INFORMATION:   STATIC OVERLAYABLE
   CODE SIZE        =    119    ----
   CONSTANT SIZE    =     16    ----
   XDATA SIZE       =   ----    ----
   PDATA SIZE       =   ----    ----
   DATA SIZE        =      2       4
   IDATA SIZE       =   ----    ----
   BIT SIZE         =   ----    ----
END OF MODULE INFORMATION.


C51 COMPILATION COMPLETE.  0 WARNING(S),  0 ERROR(S)
