C51 COMPILER V9.00   MAIN                                                                  11/08/2020 16:43:34 PAGE 1   


C51 COMPILER V9.00, COMPILATION OF MODULE MAIN
OBJECT MODULE PLACED IN .\Objects\main.obj
COMPILER INVOKED BY: C:\Keil_v5\C51\BIN\C51.EXE main.c OPTIMIZE(8,SPEED) BROWSE DEBUG OBJECTEXTEND PRINT(.\Listings\main
                    -.lst) TABS(2) OBJECT(.\Objects\main.obj)

line level    source

   1          #include <reg52.h>
   2          #include <intrins.h>
   3          
   4          typedef unsigned char u8;
   5          typedef unsigned int u16;
   6          
   7          sbit LED=P2^0;
   8          
   9          void delay(u16 i){
  10   1        while(i--);
  11   1      }
  12          
  13          void TimeroInit(){
  14   1      
  15   1        TMOD|=0x01;//定时器0工作方式1。GATA=0
  16   1        
  17   1        //  机器周期 1/12/12=1us   1000*1=1ms 计数1000次用时1ms  TH0 TL0初始值 65536-1000=FC18
  18   1        TH0=0xFC;//定时1ms TH0初始值
  19   1        TL0=0x18;//定时1ms TL0初始值
  20   1        
  21   1        ET0=1;
  22   1        EA=1;
  23   1        TR0=1;//scon 控制定时或计数开启
  24   1      }
  25          
  26          
  27          void main(){
  28   1        TimeroInit();
  29   1        while(1);
  30   1      }
  31          void Time0() interrupt 1
  32          {
  33   1        static u16 i;
  34   1        TH0=0xFC;//定时1ms TH0初始值
  35   1        TL0=0x18;//定时1ms TL0初始值
  36   1        i++;
  37   1        if(i==1000){//中断1000次 1秒
  38   2          i=0;
  39   2          LED=~LED;
  40   2        }
  41   1      }


MODULE INFORMATION:   STATIC OVERLAYABLE
   CODE SIZE        =     71    ----
   CONSTANT SIZE    =   ----    ----
   XDATA SIZE       =   ----    ----
   PDATA SIZE       =   ----    ----
   DATA SIZE        =      2    ----
   IDATA SIZE       =   ----    ----
   BIT SIZE         =   ----    ----
END OF MODULE INFORMATION.


C51 COMPILATION COMPLETE.  0 WARNING(S),  0 ERROR(S)
