C51 COMPILER V9.00   MAIN                                                                  12/02/2020 22:37:57 PAGE 1   


C51 COMPILER V9.00, COMPILATION OF MODULE MAIN
OBJECT MODULE PLACED IN .\Objects\main.obj
COMPILER INVOKED BY: C:\Keil_v5\C51\BIN\C51.EXE main.c OPTIMIZE(8,SPEED) BROWSE DEBUG OBJECTEXTEND PRINT(.\Listings\main
                    -.lst) TABS(2) OBJECT(.\Objects\main.obj)

line level    source

   1          #include <reg52.h>
   2          #include <intrins.h>
   3          #include "i2c.h"
   4          typedef unsigned char u8;
   5          typedef unsigned int u16;
   6          
   7          
   8          sbit k1=P3^0;
   9          sbit k2=P3^1;
  10          sbit k3=P3^2;
  11          sbit k4=P3^3;
  12          
  13          sbit LSA=P2^2;
  14          sbit LSB=P2^3;
  15          sbit LSC=P2^4;
  16          
  17          u8 code smgduan[]={0x3F,0x06,0x5B,0x4F,0x66,0x6D,0x7D,0x07,0x7F,0x6F,0x77,0x7C,0x39,0x5E,0x79,0x71};
  18          u8 num=0,num0=0,disp[4],disp0[4];
  19          void delay(u16 i){
  20   1        while(i--);
  21   1      }
  22          
  23          void Keypros()
  24          {
  25   1          if(k1==0)
  26   1          {
  27   2            delay(1000);
  28   2            if(k1==0)
  29   2            {
  30   3              At24c02Write(1,num);
  31   3            }
  32   2            while(!k1);
  33   2          }
  34   1          if(k2==0)
  35   1          {
  36   2            delay(1000);
  37   2            if(k2==0)
  38   2            {
  39   3              num0=At24c02Read(1);
  40   3            }
  41   2            while(!k2);
  42   2          }
  43   1          if(k3==0)
  44   1          {
  45   2            delay(1000);
  46   2            if(k3==0)
  47   2            {
  48   3              num++;
  49   3              if(num>255){
  50   4                num=0;
  51   4              }
  52   3            }
  53   2            while(!k3);
  54   2          }
C51 COMPILER V9.00   MAIN                                                                  12/02/2020 22:37:57 PAGE 2   

  55   1          if(k4==0)
  56   1          {
  57   2            delay(1000);
  58   2            if(k4==0)
  59   2            {
  60   3              num=0;
  61   3            }
  62   2            while(!k4);
  63   2          }
  64   1      }
  65          void datapros()
  66          {
  67   1        disp[0]=smgduan[num/1000];
  68   1        disp[1]=smgduan[num%1000/100];
  69   1        disp[2]=smgduan[num%1000%100/10];
  70   1        disp[3]=smgduan[num%1000%100%10];
  71   1      }
  72          void datapros0()
  73          {
  74   1        disp0[0]=smgduan[num0/1000];
  75   1        disp0[1]=smgduan[num0%1000/100];
  76   1        disp0[2]=smgduan[num0%1000%100/10];
  77   1        disp0[3]=smgduan[num0%1000%100%10];
  78   1      }
  79          void DigDispaly(){
  80   1        u8 i;
  81   1        for(i=0;i<7;i++){
  82   2          switch(i){
  83   3            case 0:
  84   3              LSA=0;LSB=0;LSC=0;
  85   3              break;
  86   3            
  87   3            case 1:
  88   3              LSA=0;LSB=0;LSC=1;
  89   3              break;
  90   3            
  91   3            case 2:
  92   3              LSA=0;LSB=1;LSC=0;
  93   3              break;
  94   3            
  95   3            case 3:
  96   3              LSA=0;LSB=1;LSC=1;
  97   3              break;
  98   3              case 4:
  99   3              LSA=1;LSB=0;LSC=0;
 100   3              break;
 101   3            
 102   3            case 5:
 103   3              LSA=1;LSB=0;LSC=1;
 104   3              break;
 105   3            case 6:
 106   3              LSA=1;LSB=1;LSC=0;
 107   3              break;
 108   3            case 7:
 109   3              LSA=1;LSB=1;LSC=1;
 110   3              break;
 111   3            
 112   3          }
 113   2          if(i>3){
 114   3            P0=disp0[7-i];
 115   3          }else{
 116   3            P0=disp[3-i];
C51 COMPILER V9.00   MAIN                                                                  12/02/2020 22:37:57 PAGE 3   

 117   3          }
 118   2        
 119   2          delay(100);
 120   2          P0 = 0x00;
 121   2        }
 122   1      }
 123          void main(){
 124   1      
 125   1        while(1){
 126   2          Keypros();
 127   2          datapros();
 128   2          datapros0();
 129   2          DigDispaly();
 130   2        
 131   2        }
 132   1      }
 133          


MODULE INFORMATION:   STATIC OVERLAYABLE
   CODE SIZE        =    498    ----
   CONSTANT SIZE    =     16    ----
   XDATA SIZE       =   ----    ----
   PDATA SIZE       =   ----    ----
   DATA SIZE        =     10    ----
   IDATA SIZE       =   ----    ----
   BIT SIZE         =   ----    ----
END OF MODULE INFORMATION.


C51 COMPILATION COMPLETE.  0 WARNING(S),  0 ERROR(S)
