C51 COMPILER V9.00   MAIN                                                                  11/07/2020 14:46:35 PAGE 1   


C51 COMPILER V9.00, COMPILATION OF MODULE MAIN
OBJECT MODULE PLACED IN .\Objects\main.obj
COMPILER INVOKED BY: C:\Keil_v5\C51\BIN\C51.EXE main.c OPTIMIZE(8,SPEED) BROWSE DEBUG OBJECTEXTEND PRINT(.\Listings\main
                    -.lst) TABS(2) OBJECT(.\Objects\main.obj)

line level    source

   1          #include <reg52.h>
   2          #include <intrins.h>
   3          
   4          typedef unsigned char u8;
   5          typedef unsigned int un16;
   6          
   7          
   8          
   9          sbit led=P2^0;
  10          sbit k1=P3^1;
  11          
  12          
  13          void delay(un16 i){
  14   1        while(i--);
  15   1      }
  16          
  17          void keypros(){
  18   1        if(k1==0){
  19   2          delay(1000);
  20   2          if(k1==0){
  21   3             led=~led;
  22   3          }
  23   2          while(!k1);
  24   2        }
  25   1      }
  26          
  27          void main()
  28          {
  29   1        while(1){
  30   2          keypros();
  31   2        }
  32   1        
  33   1      }


MODULE INFORMATION:   STATIC OVERLAYABLE
   CODE SIZE        =     35    ----
   CONSTANT SIZE    =   ----    ----
   XDATA SIZE       =   ----    ----
   PDATA SIZE       =   ----    ----
   DATA SIZE        =   ----    ----
   IDATA SIZE       =   ----    ----
   BIT SIZE         =   ----    ----
END OF MODULE INFORMATION.


C51 COMPILATION COMPLETE.  0 WARNING(S),  0 ERROR(S)
